<?xml version="1.0" encoding="UTF-8"?>
<!-- Generated by org.testng.reporters.JUnitXMLReporter -->
<testsuite ignored="10" hostname="MBRLT01429" failures="0" tests="1" name="Default test" time="19.416" errors="0" timestamp="2026-02-18T11:47:05 IST">
  <testcase classname="Automation.GmailTest" name="Find_mail_and_open" time="4.468"/>
  <testcase classname="Automation.GmailTest" name="verify_redirection_to_LDP_on_clicking_property_card" time="0.0">
    <ignored/>
  </testcase> <!-- verify_redirection_to_LDP_on_clicking_property_card -->
  <testcase classname="Automation.GmailTest" name="verify_property_price_consistency_between_mail_and_top_matches" time="0.0">
    <ignored/>
  </testcase> <!-- verify_property_price_consistency_between_mail_and_top_matches -->
  <testcase classname="Automation.GmailTest" name="Verify_Project_and_Location_Consistency" time="0.0">
    <ignored/>
  </testcase> <!-- Verify_Project_and_Location_Consistency -->
  <testcase classname="Automation.GmailTest" name="View_Photos_CTA_redirection" time="0.0">
    <ignored/>
  </testcase> <!-- View_Photos_CTA_redirection -->
  <testcase classname="Automation.GmailTest" name="verify_Not_Interested_CTA_functionality_on_Top_Matches_page" time="0.0">
    <ignored/>
  </testcase> <!-- verify_Not_Interested_CTA_functionality_on_Top_Matches_page -->
  <testcase classname="Automation.GmailTest" name="validatePropertyCountInMail" time="0.0">
    <ignored/>
  </testcase> <!-- validatePropertyCountInMail -->
  <testcase classname="Automation.GmailTest" name="verify_Yes_Connect_Me_CTA_functionality_on_Top_Matches_page" time="0.0">
    <ignored/>
  </testcase> <!-- verify_Yes_Connect_Me_CTA_functionality_on_Top_Matches_page -->
  <testcase classname="Automation.GmailTest" name="See_Matching_Properties_CTA_redirection" time="0.0">
    <ignored/>
  </testcase> <!-- See_Matching_Properties_CTA_redirection -->
  <testcase classname="Automation.GmailTest" name="Verify_BHK_and_Property_Type_Consistency" time="0.0">
    <ignored/>
  </testcase> <!-- Verify_BHK_and_Property_Type_Consistency -->
  <testcase classname="Automation.GmailTest" name="View_Number_CTA_redirection" time="0.0">
    <ignored/>
  </testcase> <!-- View_Number_CTA_redirection -->
</testsuite> <!-- Default test -->
