<?xml version="1.0" encoding="UTF-8"?>
<!-- Generated by org.testng.reporters.JUnitReportReporter -->
<testsuite hostname="MBRLT01429" failures="0" tests="6" name="Automation.Owner" time="13.083" errors="0" timestamp="2026-04-16T17:25:33 IST" skipped="0">
  <testcase classname="Automation.Owner" name="Verify_Contact_AMP_Mail_Received_open" time="3.196"/>
  <testcase classname="Automation.Owner" name="View_Photos_CTA_redirection" time="2.594"/>
  <testcase classname="Automation.Owner" name="Verify_BHK_and_Property_Type_Consistency" time="1.862"/>
  <testcase classname="Automation.Owner" name="Verify_Project_and_Location_Consistency" time="0.182"/>
  <testcase classname="Automation.Owner" name="verify_redirection_to_LDP_on_clicking_property_card" time="3.766"/>
  <testcase classname="Automation.Owner" name="verify_Not_Interested_CTA_functionality_on_Top_Matches_page" time="1.483"/>
</testsuite> <!-- Automation.Owner -->
