<?xml version="1.0" encoding="UTF-8"?>
<!-- Generated by org.testng.reporters.JUnitReportReporter -->
<testsuite hostname="MBRLT01429" failures="0" tests="3" name="Automation.GmailTest" time="17.098" errors="0" timestamp="2026-01-08T15:12:24 IST" skipped="0">
  <testcase classname="Automation.GmailTest" name="Find_mail_and_open" time="7.153"/>
  <testcase classname="Automation.GmailTest" name="validatePropertyCountInMail" time="0.483"/>
  <testcase classname="Automation.GmailTest" name="View_Photos_CTA_redirection" time="9.462"/>
</testsuite> <!-- Automation.GmailTest -->
