<?xml version="1.0" encoding="UTF-8"?>
<!-- Generated by org.testng.reporters.JUnitReportReporter -->
<testsuite hostname="MBRLT01429" failures="0" tests="7" name="Automation.Rental" time="14.557" errors="0" timestamp="2026-04-23T13:08:04 IST" skipped="1">
  <testcase classname="Automation.Rental" name="Verify_Contact_AMP_Mail_Received_open" time="4.035"/>
  <testcase classname="Automation.Rental" name="View_Detial_CTA_redirection" time="3.683"/>
  <testcase classname="Automation.Rental" name="Verify_BHK_and_Property_Type_Consistency" time="1.516"/>
  <testcase classname="Automation.Rental" name="Verify_Project_and_Location_Consistency" time="0.182"/>
  <testcase classname="Automation.Rental" name="verify_redirection_to_LDP_on_clicking_property_card" time="2.961"/>
  <testcase classname="Automation.Rental" name="verify_Not_Interested_CTA_functionality_on_Top_Matches_page" time="2.180"/>
  <testcase classname="Automation.Rental" name="Verify_Unsubscribe_CTA_redirection">
    <skipped/>
  </testcase> <!-- Verify_Unsubscribe_CTA_redirection -->
</testsuite> <!-- Automation.Rental -->
